<?xml version="1.0" encoding="UTF-8"?>
<!-- Generated by org.testng.reporters.JUnitReportReporter -->
<testsuite hostname="DESKTOP-9KM5GA7" failures="0" tests="3" name="TestNG_package.Categories_test" time="37.039" errors="0" timestamp="2022-09-29T22:47:23 IST" skipped="0">
  <testcase classname="TestNG_package.Categories_test" name="Categorypagelaunch" time="19.025"/>
  <system-out/>
  <testcase classname="TestNG_package.Categories_test" name="Addcategorydetails" time="8.776"/>
  <system-out/>
  <testcase classname="TestNG_package.Categories_test" name="Categorysearch" time="9.238"/>
  <system-out/>
</testsuite> <!-- TestNG_package.Categories_test -->
