<?xml version="1.0" encoding="UTF-8"?>
<!-- Generated by org.testng.reporters.JUnitReportReporter -->
<testsuite hostname="DESKTOP-9KM5GA7" failures="0" tests="5" name="TestNG_package.Addpdt" time="93.143" errors="0" timestamp="2022-09-26T13:18:31 IST" skipped="0">
  <testcase classname="TestNG_package.Addpdt" name="Productpagelaunch" time="37.740"/>
  <system-out/>
  <testcase classname="TestNG_package.Addpdt" name="Productpagetextdetails" time="15.978"/>
  <system-out/>
  <testcase classname="TestNG_package.Addpdt" name="Productpagedropdowndetails" time="15.782"/>
  <system-out/>
  <testcase classname="TestNG_package.Addpdt" name="Productstockpage" time="9.306"/>
  <system-out/>
  <testcase classname="TestNG_package.Addpdt" name="Productsearch" time="14.337"/>
  <system-out/>
</testsuite> <!-- TestNG_package.Addpdt -->
