<?xml version="1.0" encoding="UTF-8"?>
<!-- Generated by org.testng.reporters.JUnitReportReporter -->
<testsuite hostname="DESKTOP-9KM5GA7" failures="0" tests="31" name="TestNG_package.extentreport1" time="0.079" errors="0" timestamp="2022-09-29T22:10:14 IST" skipped="0">
  <testcase classname="TestNG_package.extentreport1" name="Customers1" time="0.000"/>
  <system-out/>
  <testcase classname="TestNG_package.extentreport1" name="Categories1" time="0.048"/>
  <system-out/>
  <testcase classname="TestNG_package.extentreport1" name="Suppliers1" time="0.000"/>
  <system-out/>
  <testcase classname="TestNG_package.extentreport1" name="Waiters1" time="0.016"/>
  <system-out/>
  <testcase classname="TestNG_package.extentreport1" name="addpdt4" time="0.000"/>
  <system-out/>
  <testcase classname="TestNG_package.extentreport1" name="stores1" time="0.000"/>
  <system-out/>
  <testcase classname="TestNG_package.extentreport1" name="Categories2" time="0.000"/>
  <system-out/>
  <testcase classname="TestNG_package.extentreport1" name="invalidlogin" time="0.000"/>
  <system-out/>
  <testcase classname="TestNG_package.extentreport1" name="Logout" time="0.000"/>
  <system-out/>
  <testcase classname="TestNG_package.extentreport1" name="Waiters3" time="0.000"/>
  <system-out/>
  <testcase classname="TestNG_package.extentreport1" name="Waiters4" time="0.000"/>
  <system-out/>
  <testcase classname="TestNG_package.extentreport1" name="Expense1" time="0.000"/>
  <system-out/>
  <testcase classname="TestNG_package.extentreport1" name="Settings" time="0.000"/>
  <system-out/>
  <testcase classname="TestNG_package.extentreport1" name="searchpdt" time="0.000"/>
  <system-out/>
  <testcase classname="TestNG_package.extentreport1" name="addpdt3" time="0.000"/>
  <system-out/>
  <testcase classname="TestNG_package.extentreport1" name="Expense2" time="0.000"/>
  <system-out/>
  <testcase classname="TestNG_package.extentreport1" name="Supplierssearch" time="0.000"/>
  <system-out/>
  <testcase classname="TestNG_package.extentreport1" name="validlogin" time="0.000"/>
  <system-out/>
  <testcase classname="TestNG_package.extentreport1" name="Customerssearch" time="0.015"/>
  <system-out/>
  <testcase classname="TestNG_package.extentreport1" name="Waiters2" time="0.000"/>
  <system-out/>
  <testcase classname="TestNG_package.extentreport1" name="Suppliers2" time="0.000"/>
  <system-out/>
  <testcase classname="TestNG_package.extentreport1" name="Expense4" time="0.000"/>
  <system-out/>
  <testcase classname="TestNG_package.extentreport1" name="addpdt1" time="0.000"/>
  <system-out/>
  <testcase classname="TestNG_package.extentreport1" name="stores3" time="0.000"/>
  <system-out/>
  <testcase classname="TestNG_package.extentreport1" name="Expense3" time="0.000"/>
  <system-out/>
  <testcase classname="TestNG_package.extentreport1" name="Customers2" time="0.000"/>
  <system-out/>
  <testcase classname="TestNG_package.extentreport1" name="Sales1" time="0.000"/>
  <system-out/>
  <testcase classname="TestNG_package.extentreport1" name="stores2" time="0.000"/>
  <system-out/>
  <testcase classname="TestNG_package.extentreport1" name="addpdt2" time="0.000"/>
  <system-out/>
  <testcase classname="TestNG_package.extentreport1" name="Categoriessearch" time="0.000"/>
  <system-out/>
  <testcase classname="TestNG_package.extentreport1" name="Salessearch" time="0.000"/>
  <system-out/>
</testsuite> <!-- TestNG_package.extentreport1 -->
