<?xml version="1.0" encoding="UTF-8"?>
<!-- Generated by org.testng.reporters.JUnitReportReporter -->
<testsuite hostname="DESKTOP-9KM5GA7" failures="0" tests="3" name="TestNG_package.Categories" time="91.044" errors="0" timestamp="2022-09-26T14:13:59 IST" skipped="0">
  <testcase classname="TestNG_package.Categories" name="Categorypagelaunch" time="72.356"/>
  <system-out/>
  <testcase classname="TestNG_package.Categories" name="Addcategorydetails" time="9.264"/>
  <system-out/>
  <testcase classname="TestNG_package.Categories" name="Categorysearch" time="9.424"/>
  <system-out/>
</testsuite> <!-- TestNG_package.Categories -->
