<?xml version="1.0" encoding="UTF-8"?>
<!-- Generated by org.testng.reporters.JUnitReportReporter -->
<testsuite hostname="DESKTOP-9KM5GA7" failures="0" tests="2" name="TestNG_package.Login_test" time="32.250" errors="0" timestamp="2022-09-29T22:47:23 IST" skipped="0">
  <testcase classname="TestNG_package.Login_test" name="Invalidlogin" time="13.177"/>
  <system-out/>
  <testcase classname="TestNG_package.Login_test" name="Validlogin" time="19.073"/>
  <system-out/>
</testsuite> <!-- TestNG_package.Login_test -->
