<?xml version="1.0" encoding="UTF-8"?>
<!-- Generated by org.testng.reporters.JUnitReportReporter -->
<testsuite hostname="DESKTOP-9KM5GA7" failures="0" tests="3" name="TestNG_package.Suppliers_test" time="43.801" errors="0" timestamp="2022-09-29T22:47:23 IST" skipped="0">
  <testcase classname="TestNG_package.Suppliers_test" name="Supplierpagelaunch" time="17.668"/>
  <system-out/>
  <testcase classname="TestNG_package.Suppliers_test" name="Supplierspagedetails" time="16.808"/>
  <system-out/>
  <testcase classname="TestNG_package.Suppliers_test" name="Suppliersearch" time="9.325"/>
  <system-out/>
</testsuite> <!-- TestNG_package.Suppliers_test -->
