<?xml version="1.0" encoding="UTF-8"?>
<!-- Generated by org.testng.reporters.JUnitReportReporter -->
<testsuite hostname="DESKTOP-9KM5GA7" failures="0" tests="4" name="TestNG_package.Expense_test" time="36.922" errors="0" timestamp="2022-09-29T22:47:23 IST" skipped="0">
  <testcase classname="TestNG_package.Expense_test" name="Expensepagelaunch" time="13.470"/>
  <system-out/>
  <testcase classname="TestNG_package.Expense_test" name="Addexpensedetails" time="6.473"/>
  <system-out/>
  <testcase classname="TestNG_package.Expense_test" name="Expensedropdown" time="10.685"/>
  <system-out/>
  <testcase classname="TestNG_package.Expense_test" name="Expensesearch" time="6.294"/>
  <system-out/>
</testsuite> <!-- TestNG_package.Expense_test -->
