<?xml version="1.0" encoding="UTF-8"?>
<!-- Generated by org.testng.reporters.JUnitReportReporter -->
<testsuite hostname="DESKTOP-9KM5GA7" failures="0" tests="5" name="TestNG_package.AddpdtTest" time="84.333" errors="0" timestamp="2022-09-25T23:12:29 IST" skipped="0">
  <testcase classname="TestNG_package.AddpdtTest" name="addpdtfn" time="35.910"/>
  <system-out/>
  <testcase classname="TestNG_package.AddpdtTest" name="addpdt2fn" time="15.897"/>
  <system-out/>
  <testcase classname="TestNG_package.AddpdtTest" name="addpdt1fn" time="12.800"/>
  <system-out/>
  <testcase classname="TestNG_package.AddpdtTest" name="stockfn" time="9.298"/>
  <system-out/>
  <testcase classname="TestNG_package.AddpdtTest" name="searchfn" time="10.428"/>
  <system-out/>
</testsuite> <!-- TestNG_package.AddpdtTest -->
