<?xml version="1.0" encoding="UTF-8"?>
<!-- Generated by org.testng.reporters.JUnitReportReporter -->
<testsuite hostname="DESKTOP-9KM5GA7" failures="0" tests="3" name="TestNG_package.Stores_Testcase" time="46.997" errors="0" timestamp="2022-09-29T22:47:23 IST" skipped="0">
  <testcase classname="TestNG_package.Stores_Testcase" name="Storepagelaunch" time="18.972"/>
  <system-out/>
  <testcase classname="TestNG_package.Stores_Testcase" name="Storepagedetails" time="18.626"/>
  <system-out/>
  <testcase classname="TestNG_package.Stores_Testcase" name="Storepagesearch" time="9.399"/>
  <system-out/>
</testsuite> <!-- TestNG_package.Stores_Testcase -->
