<?xml version="1.0" encoding="UTF-8"?>
<!-- Generated by org.testng.reporters.JUnitReportReporter -->
<testsuite hostname="DESKTOP-9KM5GA7" failures="0" tests="5" name="TestNG_package.Addpdt_test" time="70.811" errors="0" timestamp="2022-09-29T22:47:23 IST" skipped="0">
  <testcase classname="TestNG_package.Addpdt_test" name="Productpagelaunch" time="15.076"/>
  <system-out/>
  <testcase classname="TestNG_package.Addpdt_test" name="Productpagetextdetails" time="16.242"/>
  <system-out/>
  <testcase classname="TestNG_package.Addpdt_test" name="Productpagedropdowndetails" time="15.840"/>
  <system-out/>
  <testcase classname="TestNG_package.Addpdt_test" name="Productstockpage" time="14.040"/>
  <system-out/>
  <testcase classname="TestNG_package.Addpdt_test" name="Productsearch" time="9.613"/>
  <system-out/>
</testsuite> <!-- TestNG_package.Addpdt_test -->
