<?xml version="1.0" encoding="UTF-8"?>
<!-- Generated by org.testng.reporters.JUnitReportReporter -->
<testsuite hostname="DESKTOP-9KM5GA7" failures="0" tests="3" name="TestNG_package.Stores" time="53.941" errors="0" timestamp="2022-09-25T12:35:57 IST" skipped="0">
  <testcase classname="TestNG_package.Stores" name="storesfn1" time="21.916"/>
  <system-out/>
  <testcase classname="TestNG_package.Stores" name="storesfn2" time="22.573"/>
  <system-out/>
  <testcase classname="TestNG_package.Stores" name="storesfn3" time="9.452"/>
  <system-out/>
</testsuite> <!-- TestNG_package.Stores -->
