<?xml version="1.0" encoding="UTF-8"?>
<!-- Generated by org.testng.reporters.JUnitReportReporter -->
<testsuite hostname="DESKTOP-9KM5GA7" failures="0" tests="2" name="TestNG_package.Login_test" time="50.729" errors="0" timestamp="2022-09-26T17:25:16 IST" skipped="0">
  <testcase classname="TestNG_package.Login_test" name="Invalidlogin" time="13.109"/>
  <system-out/>
  <testcase classname="TestNG_package.Login_test" name="Validlogin" time="37.620"/>
  <system-out/>
</testsuite> <!-- TestNG_package.Login_test -->
