<?xml version="1.0" encoding="UTF-8"?>
<!-- Generated by org.testng.reporters.JUnitReportReporter -->
<testsuite hostname="DESKTOP-9KM5GA7" failures="0" tests="2" name="TestNG_package.Sales_test" time="13.438" errors="0" timestamp="2022-09-29T22:47:23 IST" skipped="0">
  <testcase classname="TestNG_package.Sales_test" name="Salespagelaunch" time="4.205"/>
  <system-out/>
  <testcase classname="TestNG_package.Sales_test" name="Salessearch" time="9.233"/>
  <system-out/>
</testsuite> <!-- TestNG_package.Sales_test -->
