<?xml version="1.0" encoding="UTF-8"?>
<!-- Generated by org.testng.reporters.JUnitReportReporter -->
<testsuite hostname="DESKTOP-9KM5GA7" failures="0" tests="1" name="TestNG_package.Logout_test" time="23.253" errors="0" timestamp="2022-09-27T13:50:48 IST" skipped="0">
  <testcase classname="TestNG_package.Logout_test" name="Logout" time="23.253"/>
  <system-out/>
</testsuite> <!-- TestNG_package.Logout_test -->
