<?xml version="1.0" encoding="UTF-8"?>
<!-- Generated by org.testng.reporters.JUnitReportReporter -->
<testsuite hostname="DESKTOP-9KM5GA7" failures="0" tests="4" name="TestNG_package.Waiters_test" time="42.875" errors="0" timestamp="2022-09-29T22:47:23 IST" skipped="0">
  <testcase classname="TestNG_package.Waiters_test" name="Waiterspagelaunch" time="17.821"/>
  <system-out/>
  <testcase classname="TestNG_package.Waiters_test" name="Addwaitersdetails" time="6.373"/>
  <system-out/>
  <testcase classname="TestNG_package.Waiters_test" name="Waiterspagedropdowndetails" time="9.253"/>
  <system-out/>
  <testcase classname="TestNG_package.Waiters_test" name="Waitersearch" time="9.428"/>
  <system-out/>
</testsuite> <!-- TestNG_package.Waiters_test -->
