<?xml version="1.0" encoding="UTF-8"?>
<!-- Generated by org.testng.reporters.JUnitReportReporter -->
<testsuite hostname="DESKTOP-9KM5GA7" failures="0" tests="1" name="TestNG_package.Settings_test" time="18.088" errors="0" timestamp="2022-09-25T12:35:57 IST" skipped="0">
  <testcase classname="TestNG_package.Settings_test" name="settingsfn" time="18.088"/>
  <system-out/>
</testsuite> <!-- TestNG_package.Settings_test -->
