<?xml version="1.0" encoding="UTF-8"?>
<!-- Generated by org.testng.reporters.JUnitReportReporter -->
<testsuite hostname="DESKTOP-9KM5GA7" failures="0" tests="4" name="TestNG_package.Expense_test" time="61.290" errors="0" timestamp="2022-09-26T22:50:10 IST" skipped="0">
  <testcase classname="TestNG_package.Expense_test" name="Expensepagelaunch" time="36.634"/>
  <system-out/>
  <testcase classname="TestNG_package.Expense_test" name="Addexpensedetails" time="6.721"/>
  <system-out/>
  <testcase classname="TestNG_package.Expense_test" name="Expensedropdown" time="11.647"/>
  <system-out/>
  <testcase classname="TestNG_package.Expense_test" name="Expensesearch" time="6.288"/>
  <system-out/>
</testsuite> <!-- TestNG_package.Expense_test -->
