<?xml version="1.0" encoding="UTF-8"?>
<!-- Generated by org.testng.reporters.JUnitReportReporter -->
<testsuite hostname="DESKTOP-9KM5GA7" failures="0" tests="3" name="TestNG_package.PeopleSupp" time="43.038" errors="0" timestamp="2022-09-25T12:35:57 IST" skipped="0">
  <testcase classname="TestNG_package.PeopleSupp" name="peoplefn8" time="18.477"/>
  <system-out/>
  <testcase classname="TestNG_package.PeopleSupp" name="peoplefn9" time="15.104"/>
  <system-out/>
  <testcase classname="TestNG_package.PeopleSupp" name="peoplefn10" time="9.457"/>
  <system-out/>
</testsuite> <!-- TestNG_package.PeopleSupp -->
