<?xml version="1.0" encoding="UTF-8"?>
<!-- Generated by org.testng.reporters.JUnitReportReporter -->
<testsuite hostname="DESKTOP-9KM5GA7" failures="0" tests="1" name="TestNG_package.Settings_test" time="17.397" errors="0" timestamp="2022-09-29T22:47:23 IST" skipped="0">
  <testcase classname="TestNG_package.Settings_test" name="Settings" time="17.397"/>
  <system-out/>
</testsuite> <!-- TestNG_package.Settings_test -->
