<?xml version="1.0" encoding="UTF-8"?>
<!-- Generated by org.testng.reporters.JUnitReportReporter -->
<testsuite hostname="DESKTOP-9KM5GA7" failures="0" tests="4" name="TestNG_package.PeopleW" time="49.639" errors="0" timestamp="2022-09-26T09:11:02 IST" skipped="0">
  <testcase classname="TestNG_package.PeopleW" name="peoplefn1" time="24.470"/>
  <system-out/>
  <testcase classname="TestNG_package.PeopleW" name="peoplefn2" time="6.194"/>
  <system-out/>
  <testcase classname="TestNG_package.PeopleW" name="peoplefn3" time="9.733"/>
  <system-out/>
  <testcase classname="TestNG_package.PeopleW" name="peoplefn4" time="9.242"/>
  <system-out/>
</testsuite> <!-- TestNG_package.PeopleW -->
