<?xml version="1.0" encoding="UTF-8"?>
<!-- Generated by org.testng.reporters.JUnitReportReporter -->
<testsuite hostname="DESKTOP-9KM5GA7" failures="0" tests="3" name="TestNG_package.Categories" time="35.478" errors="0" timestamp="2022-09-26T09:11:02 IST" skipped="0">
  <testcase classname="TestNG_package.Categories" name="categoryfn1" time="17.862"/>
  <system-out/>
  <testcase classname="TestNG_package.Categories" name="categoryfn2" time="8.419"/>
  <system-out/>
  <testcase classname="TestNG_package.Categories" name="categoryfn3" time="9.197"/>
  <system-out/>
</testsuite> <!-- TestNG_package.Categories -->
