<?xml version="1.0" encoding="UTF-8"?>
<!-- Generated by org.testng.reporters.JUnitReportReporter -->
<testsuite hostname="DESKTOP-9KM5GA7" failures="0" tests="2" name="TestNG_package.Login" time="34.115" errors="0" timestamp="2022-09-26T09:11:02 IST" skipped="0">
  <testcase classname="TestNG_package.Login" name="invalidlogin" time="13.391"/>
  <system-out/>
  <testcase classname="TestNG_package.Login" name="loginfn" time="20.724"/>
  <system-out/>
</testsuite> <!-- TestNG_package.Login -->
