<?xml version="1.0" encoding="UTF-8"?>
<!-- Generated by org.testng.reporters.JUnitReportReporter -->
<testsuite hostname="DESKTOP-9KM5GA7" failures="0" tests="3" name="TestNG_package.Stores_Testcase" time="71.637" errors="0" timestamp="2022-09-26T09:11:02 IST" skipped="0">
  <testcase classname="TestNG_package.Stores_Testcase" name="storestest1" time="43.861"/>
  <system-out/>
  <testcase classname="TestNG_package.Stores_Testcase" name="storestest2" time="18.375"/>
  <system-out/>
  <testcase classname="TestNG_package.Stores_Testcase" name="storestest3" time="9.401"/>
  <system-out/>
</testsuite> <!-- TestNG_package.Stores_Testcase -->
