<?xml version="1.0" encoding="UTF-8"?>
<!-- Generated by org.testng.reporters.JUnitReportReporter -->
<testsuite hostname="DESKTOP-9KM5GA7" failures="0" tests="3" name="TestNG_package.PeopleC" time="46.655" errors="0" timestamp="2022-09-26T09:11:02 IST" skipped="0">
  <testcase classname="TestNG_package.PeopleC" name="peoplefn5" time="17.710"/>
  <system-out/>
  <testcase classname="TestNG_package.PeopleC" name="peoplefn6" time="19.721"/>
  <system-out/>
  <testcase classname="TestNG_package.PeopleC" name="peoplefn7" time="9.224"/>
  <system-out/>
</testsuite> <!-- TestNG_package.PeopleC -->
