<?xml version="1.0" encoding="UTF-8"?>
<!-- Generated by org.testng.reporters.JUnitReportReporter -->
<testsuite hostname="DESKTOP-9KM5GA7" failures="0" tests="4" name="TestNG_package.Expense" time="43.339" errors="0" timestamp="2022-09-26T09:11:02 IST" skipped="0">
  <testcase classname="TestNG_package.Expense" name="expense1" time="13.912"/>
  <system-out/>
  <testcase classname="TestNG_package.Expense" name="expense2" time="9.311"/>
  <system-out/>
  <testcase classname="TestNG_package.Expense" name="expense3" time="10.892"/>
  <system-out/>
  <testcase classname="TestNG_package.Expense" name="expense4" time="9.224"/>
  <system-out/>
</testsuite> <!-- TestNG_package.Expense -->
