<?xml version="1.0" encoding="UTF-8"?>
<!-- Generated by org.testng.reporters.JUnitReportReporter -->
<testsuite hostname="DESKTOP-9KM5GA7" failures="0" tests="3" name="TestNG_package.PeopleSupp" time="43.886" errors="0" timestamp="2022-09-26T09:11:02 IST" skipped="0">
  <testcase classname="TestNG_package.PeopleSupp" name="peoplefn8" time="17.426"/>
  <system-out/>
  <testcase classname="TestNG_package.PeopleSupp" name="peoplefn9" time="17.142"/>
  <system-out/>
  <testcase classname="TestNG_package.PeopleSupp" name="peoplefn10" time="9.318"/>
  <system-out/>
</testsuite> <!-- TestNG_package.PeopleSupp -->
