<?xml version="1.0" encoding="UTF-8"?>
<!-- Generated by org.testng.reporters.JUnitReportReporter -->
<testsuite hostname="DESKTOP-9KM5GA7" failures="0" tests="1" name="TestNG_package.Settings" time="20.444" errors="0" timestamp="2022-09-26T09:11:02 IST" skipped="0">
  <testcase classname="TestNG_package.Settings" name="settingsfn" time="20.444"/>
  <system-out/>
</testsuite> <!-- TestNG_package.Settings -->
