<?xml version="1.0" encoding="UTF-8"?>
<!-- Generated by org.testng.reporters.JUnitReportReporter -->
<testsuite hostname="DESKTOP-9KM5GA7" failures="0" tests="2" name="TestNG_package.Sales" time="13.296" errors="0" timestamp="2022-09-26T09:11:02 IST" skipped="0">
  <testcase classname="TestNG_package.Sales" name="salesfn" time="4.123"/>
  <system-out/>
  <testcase classname="TestNG_package.Sales" name="salessearch" time="9.173"/>
  <system-out/>
</testsuite> <!-- TestNG_package.Sales -->
